Checking Docker and pulling required images...
Docker version: Docker version 28.0.4, build b8034c0

Pulling Python image...
Python image pulled successfully
Pulling GCC image...
GCC image pulled successfully
Docker setup completed
Test server running on port 5002
Register request body: { name: 'p', email: 'p@gmail.com', password: '1', role: 'assessor' }
GET /api/assessments/my-assessments - Auth Header: Bearer test-token Email: p@gmail.com
User found for my assessments: {
  id: '79gz5a',
  name: 'p',
  email: 'p@gmail.com',
  password: '1',
  role: 'assessor'
}
Found assessments count: 0
GET /api/assessments/my-assessments - Auth Header: Bearer test-token Email: p@gmail.com
User found for my assessments: {
  id: '79gz5a',
  name: 'p',
  email: 'p@gmail.com',
  password: '1',
  role: 'assessor'
}
Found assessments count: 0
GET /api/tests - Auth Header: Bearer test-token Email: p@gmail.com
User found: {
  id: '79gz5a',
  name: 'p',
  email: 'p@gmail.com',
  password: '1',
  role: 'assessor'
}
Returning all tests for assessor
GET /api/tests - Auth Header: Bearer test-token Email: p@gmail.com
User found: {
  id: '79gz5a',
  name: 'p',
  email: 'p@gmail.com',
  password: '1',
  role: 'assessor'
}
Returning all tests for assessor
GET /api/tests - Auth Header: Bearer test-token Email: p@gmail.com
User found: {
  id: '79gz5a',
  name: 'p',
  email: 'p@gmail.com',
  password: '1',
  role: 'assessor'
}
Returning all tests for assessor
GET /api/tests - Auth Header: Bearer test-token Email: p@gmail.com
User found: {
  id: '79gz5a',
  name: 'p',
  email: 'p@gmail.com',
  password: '1',
  role: 'assessor'
}
Returning all tests for assessor
GET /api/tests - Auth Header: Bearer test-token Email: p@gmail.com
User found: {
  id: '79gz5a',
  name: 'p',
  email: 'p@gmail.com',
  password: '1',
  role: 'assessor'
}
Returning all tests for assessor
GET /api/tests - Auth Header: Bearer test-token Email: p@gmail.com
User found: {
  id: '79gz5a',
  name: 'p',
  email: 'p@gmail.com',
  password: '1',
  role: 'assessor'
}
Returning all tests for assessor
GET /api/tests - Auth Header: Bearer test-token Email: p@gmail.com
User found: {
  id: '79gz5a',
  name: 'p',
  email: 'p@gmail.com',
  password: '1',
  role: 'assessor'
}
Returning all tests for assessor
GET /api/tests - Auth Header: Bearer test-token Email: p@gmail.com
User found: {
  id: '79gz5a',
  name: 'p',
  email: 'p@gmail.com',
  password: '1',
  role: 'assessor'
}
Returning all tests for assessor
GET /api/tests - Auth Header: Bearer test-token Email: p@gmail.com
User found: {
  id: '79gz5a',
  name: 'p',
  email: 'p@gmail.com',
  password: '1',
  role: 'assessor'
}
Returning all tests for assessor
GET /api/tests - Auth Header: Bearer test-token Email: p@gmail.com
User found: {
  id: '79gz5a',
  name: 'p',
  email: 'p@gmail.com',
  password: '1',
  role: 'assessor'
}
Returning all tests for assessor
GET /api/tests - Auth Header: Bearer test-token Email: p@gmail.com
User found: {
  id: '79gz5a',
  name: 'p',
  email: 'p@gmail.com',
  password: '1',
  role: 'assessor'
}
Returning all tests for assessor
GET /api/tests - Auth Header: Bearer test-token Email: p@gmail.com
User found: {
  id: '79gz5a',
  name: 'p',
  email: 'p@gmail.com',
  password: '1',
  role: 'assessor'
}
Returning all tests for assessor
GET /api/tests - Auth Header: Bearer test-token Email: p@gmail.com
User found: {
  id: '79gz5a',
  name: 'p',
  email: 'p@gmail.com',
  password: '1',
  role: 'assessor'
}
Returning all tests for assessor
GET /api/tests - Auth Header: Bearer test-token Email: p@gmail.com
User found: {
  id: '79gz5a',
  name: 'p',
  email: 'p@gmail.com',
  password: '1',
  role: 'assessor'
}
Returning all tests for assessor
GET /api/assessments/my-assessments - Auth Header: Bearer test-token Email: p@gmail.com
User found for my assessments: {
  id: '79gz5a',
  name: 'p',
  email: 'p@gmail.com',
  password: '1',
  role: 'assessor'
}
Found assessments count: 0
GET /api/assessments/my-assessments - Auth Header: Bearer test-token Email: p@gmail.com
User found for my assessments: {
  id: '79gz5a',
  name: 'p',
  email: 'p@gmail.com',
  password: '1',
  role: 'assessor'
}
Found assessments count: 0
GET /api/tests - Auth Header: Bearer test-token Email: p@gmail.com
User found: {
  id: '79gz5a',
  name: 'p',
  email: 'p@gmail.com',
  password: '1',
  role: 'assessor'
}
Returning all tests for assessor
GET /api/tests - Auth Header: Bearer test-token Email: p@gmail.com
User found: {
  id: '79gz5a',
  name: 'p',
  email: 'p@gmail.com',
  password: '1',
  role: 'assessor'
}
Returning all tests for assessor
Create assessment request body: {
  title: 'Hi test',
  description: '',
  tests: [
    '1744658053310',
    '1744658059937',
    '1744658068936',
    '1744658074810',
    '1744658064246'
  ],
  startTime: '2025-04-14T19:14',
  endTime: '2025-04-21T19:14',
  maxAttempts: '3',
  isPublic: true,
  invitedStudents: []
}
POST /api/assessments - Auth Header: Bearer test-token Email: p@gmail.com
User found for assessment creation: {
  id: '79gz5a',
  name: 'p',
  email: 'p@gmail.com',
  password: '1',
  role: 'assessor'
}
Tests array for assessment: [
  '1744658053310',
  '1744658059937',
  '1744658068936',
  '1744658074810',
  '1744658064246'
]
Filtered invitedStudents for new assessment: []
New assessment being created: {
  id: 'assessment_1',
  title: 'Hi test',
  description: '',
  tests: [
    '1744658053310',
    '1744658059937',
    '1744658068936',
    '1744658074810',
    '1744658064246'
  ],
  startTime: '2025-04-14T19:14',
  endTime: '2025-04-21T19:14',
  maxAttempts: '3',
  isPublic: true,
  invitedStudents: [],
  createdBy: '79gz5a',
  createdAt: '2025-04-14T19:14:54.435Z',
  updatedAt: '2025-04-14T19:14:54.435Z'
}
GET /api/assessments/my-assessments - Auth Header: Bearer test-token Email: p@gmail.com
User found for my assessments: {
  id: '79gz5a',
  name: 'p',
  email: 'p@gmail.com',
  password: '1',
  role: 'assessor'
}
Checking assessment: assessment_1 createdBy: 79gz5a user.id: 79gz5a
Found assessments count: 1
Assessment assessment_1 invited users: []
GET /api/assessments/my-assessments - Auth Header: Bearer test-token Email: p@gmail.com
User found for my assessments: {
  id: '79gz5a',
  name: 'p',
  email: 'p@gmail.com',
  password: '1',
  role: 'assessor'
}
Checking assessment: assessment_1 createdBy: 79gz5a user.id: 79gz5a
Found assessments count: 1
Assessment assessment_1 invited users: []
Register request body: { name: 's', email: 's@gmail.com', password: '1', role: 'assessee' }
Auth header for /me: Bearer test-token
Token for /me: test-token
Email from query: s@gmail.com
Found user by email: {
  id: 'rt7aia',
  name: 's',
  email: 's@gmail.com',
  password: '1',
  role: 'assessee'
}
Returning user for /me: {
  id: 'rt7aia',
  name: 's',
  email: 's@gmail.com',
  password: '1',
  role: 'assessee'
}
Auth header for /me: Bearer test-token
Token for /me: test-token
Email from query: s@gmail.com
Found user by email: {
  id: 'rt7aia',
  name: 's',
  email: 's@gmail.com',
  password: '1',
  role: 'assessee'
}
Returning user for /me: {
  id: 'rt7aia',
  name: 's',
  email: 's@gmail.com',
  password: '1',
  role: 'assessee'
}
GET /api/notifications - Auth Header: Bearer test-token Email: s@gmail.com
Found/created user for notifications: rt7aia s@gmail.com
Notifications for user s@gmail.com : []
No notifications found for user, creating a sample one
Created sample notification: {
  id: '1744658102534ogyhrop',
  userId: 'rt7aia',
  type: 'invitation',
  title: 'New Assessment Invitation',
  message: 'You have been invited to take a sample assessment',
  assessmentId: 'assessment_1',
  createdAt: '2025-04-14T19:15:02.534Z',
  read: false
}
Marked notification as read: 1744658102534ogyhrop
GET /api/notifications - Auth Header: Bearer test-token Email: s@gmail.com
Found/created user for notifications: rt7aia s@gmail.com
Found notification for user: {
  id: '1744658102534ogyhrop',
  userId: 'rt7aia',
  type: 'invitation',
  title: 'New Assessment Invitation',
  message: 'You have been invited to take a sample assessment',
  assessmentId: 'assessment_1',
  createdAt: '2025-04-14T19:15:02.534Z',
  read: true
}
Notifications for user s@gmail.com : [
  {
    id: '1744658102534ogyhrop',
    userId: 'rt7aia',
    type: 'invitation',
    title: 'New Assessment Invitation',
    message: 'You have been invited to take a sample assessment',
    assessmentId: 'assessment_1',
    createdAt: '2025-04-14T19:15:02.534Z',
    read: true
  }
]
GET /api/assessments/assigned - Auth Header: Bearer test-token Email: s@gmail.com
User found/created: {
  id: 'rt7aia',
  name: 's',
  email: 's@gmail.com',
  password: '1',
  role: 'assessee'
}
Checking assigned assessments for user: s@gmail.com rt7aia
All assessments: [ { id: 'assessment_1', title: 'Hi test' } ]
Assessment assessment_1 invitedStudents: []
Checking if user s@gmail.com (rt7aia) is invited to assessment assessment_1
Found matching notification: {
  id: '1744658102534ogyhrop',
  userId: 'rt7aia',
  type: 'invitation',
  title: 'New Assessment Invitation',
  message: 'You have been invited to take a sample assessment',
  assessmentId: 'assessment_1',
  createdAt: '2025-04-14T19:15:02.534Z',
  read: true
}
User s@gmail.com is invited to assessment assessment_1 through notification
Assigned assessments count: 1
GET /api/assessments/assigned - Auth Header: Bearer test-token Email: s@gmail.com
User found/created: {
  id: 'rt7aia',
  name: 's',
  email: 's@gmail.com',
  password: '1',
  role: 'assessee'
}
Checking assigned assessments for user: s@gmail.com rt7aia
All assessments: [ { id: 'assessment_1', title: 'Hi test' } ]
Assessment assessment_1 invitedStudents: []
Checking if user s@gmail.com (rt7aia) is invited to assessment assessment_1
Found matching notification: {
  id: '1744658102534ogyhrop',
  userId: 'rt7aia',
  type: 'invitation',
  title: 'New Assessment Invitation',
  message: 'You have been invited to take a sample assessment',
  assessmentId: 'assessment_1',
  createdAt: '2025-04-14T19:15:02.534Z',
  read: true
}
User s@gmail.com is invited to assessment assessment_1 through notification
Assigned assessments count: 1
GET /api/assessments/:id - Invitation params: { invitationToken: undefined, invitedEmail: undefined }
GET /api/assessments/:id - Auth Header: Bearer test-token Email: s@gmail.com Assessment ID: assessment_1
Looking for assessment with ID: assessment_1
Available assessments: [ 'assessment_1' ]
Assessment found: {
  id: 'assessment_1',
  title: 'Hi test',
  description: '',
  tests: [
    '1744658053310',
    '1744658059937',
    '1744658068936',
    '1744658074810',
    '1744658064246'
  ],
  startTime: '2025-04-14T19:14',
  endTime: '2025-04-21T19:14',
  maxAttempts: '3',
  isPublic: true,
  invitedStudents: [],
  createdBy: '79gz5a',
  createdAt: '2025-04-14T19:14:54.435Z',
  updatedAt: '2025-04-14T19:14:54.435Z',
  attemptsUsed: 0
}
User found: {
  id: 'rt7aia',
  name: 's',
  email: 's@gmail.com',
  password: '1',
  role: 'assessee'
}
Creator check: { assessmentCreatedBy: '79gz5a', userId: 'rt7aia', isCreator: false }
Invitation check for user s@gmail.com assessment assessment_1 : {
  isInvitedById: false,
  isInvitedByEmail: false,
  hasInvitationNotification: true,
  hasValidToken: false,
  isInvited: true
}
Permission check: {
  isCreator: false,
  isPublic: true,
  isInvited: true,
  isInvitedById: false,
  isInvitedByEmail: false,
  hasValidToken: false
}
Looking up tests: [
  '1744658053310',
  '1744658059937',
  '1744658068936',
  '1744658074810',
  '1744658064246'
]
Found test: 1744658053310 Two Sum
Found test: 1744658059937 Reverse Linked List
Found test: 1744658068936 Valid Parentheses
Found test: 1744658074810 Maximum Subarray
Found test: 1744658064246 Merge K Sorted Lists
Test details count: 5
GET /api/assessments/:id - Invitation params: { invitationToken: undefined, invitedEmail: undefined }
GET /api/assessments/:id - Auth Header: Bearer test-token Email: s@gmail.com Assessment ID: assessment_1
Looking for assessment with ID: assessment_1
Available assessments: [ 'assessment_1' ]
Assessment found: {
  id: 'assessment_1',
  title: 'Hi test',
  description: '',
  tests: [
    '1744658053310',
    '1744658059937',
    '1744658068936',
    '1744658074810',
    '1744658064246'
  ],
  startTime: '2025-04-14T19:14',
  endTime: '2025-04-21T19:14',
  maxAttempts: '3',
  isPublic: true,
  invitedStudents: [],
  createdBy: '79gz5a',
  createdAt: '2025-04-14T19:14:54.435Z',
  updatedAt: '2025-04-14T19:14:54.435Z',
  attemptsUsed: 0
}
User found: {
  id: 'rt7aia',
  name: 's',
  email: 's@gmail.com',
  password: '1',
  role: 'assessee'
}
Creator check: { assessmentCreatedBy: '79gz5a', userId: 'rt7aia', isCreator: false }
Invitation check for user s@gmail.com assessment assessment_1 : {
  isInvitedById: false,
  isInvitedByEmail: false,
  hasInvitationNotification: true,
  hasValidToken: false,
  isInvited: true
}
Permission check: {
  isCreator: false,
  isPublic: true,
  isInvited: true,
  isInvitedById: false,
  isInvitedByEmail: false,
  hasValidToken: false
}
Looking up tests: [
  '1744658053310',
  '1744658059937',
  '1744658068936',
  '1744658074810',
  '1744658064246'
]
Found test: 1744658053310 Two Sum
Found test: 1744658059937 Reverse Linked List
Found test: 1744658068936 Valid Parentheses
Found test: 1744658074810 Maximum Subarray
Found test: 1744658064246 Merge K Sorted Lists
Test details count: 5
GET /api/tests/:id - Auth Header: Bearer test-token Email: s@gmail.com Test ID: 1744658053310
Found user for test access check: rt7aia s@gmail.com
Looking for test with ID: 1744658053310
Available tests: [
  { id: undefined, _id: '1744658053310', title: 'Two Sum' },
  { id: undefined, _id: '1744658059937', title: 'Reverse Linked List' },
  {
    id: undefined,
    _id: '1744658064246',
    title: 'Merge K Sorted Lists'
  },
  { id: undefined, _id: '1744658068936', title: 'Valid Parentheses' },
  { id: undefined, _id: '1744658074810', title: 'Maximum Subarray' }
]
Test found: { id: undefined, _id: '1744658053310', title: 'Two Sum' }
Specific assessment ID from query: assessment_1
Filtering to check only assessment assessment_1
Is test 1744658053310 part of assessment assessment_1? true
Checking assessment assessment_1 for test 1744658053310
Assessment assessment_1 contains test 1744658053310
Assessment assessment_1 is public
Permission check for test access: {
  testId: '1744658053310',
  userId: 'rt7aia',
  userEmail: 's@gmail.com',
  isCreator: false,
  isPublic: undefined,
  isInvited: true
}
Access granted to test 1744658053310 for user s@gmail.com
GET /api/tests/:id - Auth Header: Bearer test-token Email: s@gmail.com Test ID: 1744658053310
Found user for test access check: rt7aia s@gmail.com
Looking for test with ID: 1744658053310
Available tests: [
  { id: undefined, _id: '1744658053310', title: 'Two Sum' },
  { id: undefined, _id: '1744658059937', title: 'Reverse Linked List' },
  {
    id: undefined,
    _id: '1744658064246',
    title: 'Merge K Sorted Lists'
  },
  { id: undefined, _id: '1744658068936', title: 'Valid Parentheses' },
  { id: undefined, _id: '1744658074810', title: 'Maximum Subarray' }
]
Test found: { id: undefined, _id: '1744658053310', title: 'Two Sum' }
Specific assessment ID from query: assessment_1
Filtering to check only assessment assessment_1
Is test 1744658053310 part of assessment assessment_1? true
Checking assessment assessment_1 for test 1744658053310
Assessment assessment_1 contains test 1744658053310
Assessment assessment_1 is public
Permission check for test access: {
  testId: '1744658053310',
  userId: 'rt7aia',
  userEmail: 's@gmail.com',
  isCreator: false,
  isPublic: undefined,
  isInvited: true
}
Access granted to test 1744658053310 for user s@gmail.com
Execute code request: { language: 'python', assessmentId: 'assessment_1' }
Code to execute: def solution(nums, target):
    print("Hailo")

    return "YESSS"
# Read input
nums = eval(input().strip())
target = int(input().strip())

# Call function and print result
print(solution(nums, target))
Input: [2,7,11,15]
9
Executing code in Docker container...
Starting Python execution with ID: 941e6ffe-8445-485f-ae12-f62350e92f4c
Code length: 202 characters
Input length: 13 characters
Docker is running
Executing Python code with Docker command: cat /tmp/run_941e6ffe-8445-485f-ae12-f62350e92f4c.sh | docker run --rm --network none --memory=512m --cpus=1       --name code_exec_941e6ffe-8445-485f-ae12-f62350e92f4c       -i python:3.9-slim       bash
Python execution result: { stdout: 'Hailo\nYESSS\n', stderr: '', executionTime: 278 }
Temporary files cleaned up
Execution result: {
  output: 'Hailo\nYESSS\n',
  error: '',
  executionTime: 278,
  memoryUsed: 50
}
Run test cases request: {
  testId: '1744658053310',
  language: 'python',
  assessmentId: 'assessment_1'
}
Starting Python execution with ID: 14b35022-995f-439b-addc-716259e526b4
Code length: 202 characters
Input length: 13 characters
Docker is running
Executing Python code with Docker command: cat /tmp/run_14b35022-995f-439b-addc-716259e526b4.sh | docker run --rm --network none --memory=512m --cpus=1       --name code_exec_14b35022-995f-439b-addc-716259e526b4       -i python:3.9-slim       bash
Python execution result: { stdout: 'Hailo\nYESSS\n', stderr: '', executionTime: 356 }
Temporary files cleaned up
Starting Python execution with ID: 00d9b6aa-aad4-44f3-9551-ad87711ce890
Code length: 202 characters
Input length: 9 characters
Docker is running
Executing Python code with Docker command: cat /tmp/run_00d9b6aa-aad4-44f3-9551-ad87711ce890.sh | docker run --rm --network none --memory=512m --cpus=1       --name code_exec_00d9b6aa-aad4-44f3-9551-ad87711ce890       -i python:3.9-slim       bash
Python execution result: { stdout: 'Hailo\nYESSS\n', stderr: '', executionTime: 409 }
Temporary files cleaned up
Auth header for /me: Bearer test-token
Token for /me: test-token
Email from query: s@gmail.com
Found user by email: {
  id: 'rt7aia',
  name: 's',
  email: 's@gmail.com',
  password: '1',
  role: 'assessee'
}
Returning user for /me: {
  id: 'rt7aia',
  name: 's',
  email: 's@gmail.com',
  password: '1',
  role: 'assessee'
}
GET /api/notifications - Auth Header: Bearer test-token Email: s@gmail.com
Found/created user for notifications: rt7aia s@gmail.com
Found notification for user: {
  id: '1744658102534ogyhrop',
  userId: 'rt7aia',
  type: 'invitation',
  title: 'New Assessment Invitation',
  message: 'You have been invited to take a sample assessment',
  assessmentId: 'assessment_1',
  createdAt: '2025-04-14T19:15:02.534Z',
  read: true
}
Notifications for user s@gmail.com : [
  {
    id: '1744658102534ogyhrop',
    userId: 'rt7aia',
    type: 'invitation',
    title: 'New Assessment Invitation',
    message: 'You have been invited to take a sample assessment',
    assessmentId: 'assessment_1',
    createdAt: '2025-04-14T19:15:02.534Z',
    read: true
  }
]
Auth header for /me: Bearer test-token
Token for /me: test-token
Email from query: s@gmail.com
Found user by email: {
  id: 'rt7aia',
  name: 's',
  email: 's@gmail.com',
  password: '1',
  role: 'assessee'
}
Returning user for /me: {
  id: 'rt7aia',
  name: 's',
  email: 's@gmail.com',
  password: '1',
  role: 'assessee'
}
GET /api/notifications - Auth Header: Bearer test-token Email: s@gmail.com
Found/created user for notifications: rt7aia s@gmail.com
Found notification for user: {
  id: '1744658102534ogyhrop',
  userId: 'rt7aia',
  type: 'invitation',
  title: 'New Assessment Invitation',
  message: 'You have been invited to take a sample assessment',
  assessmentId: 'assessment_1',
  createdAt: '2025-04-14T19:15:02.534Z',
  read: true
}
Notifications for user s@gmail.com : [
  {
    id: '1744658102534ogyhrop',
    userId: 'rt7aia',
    type: 'invitation',
    title: 'New Assessment Invitation',
    message: 'You have been invited to take a sample assessment',
    assessmentId: 'assessment_1',
    createdAt: '2025-04-14T19:15:02.534Z',
    read: true
  }
]
GET /api/assessments/assigned - Auth Header: Bearer test-token Email: s@gmail.com
User found/created: {
  id: 'rt7aia',
  name: 's',
  email: 's@gmail.com',
  password: '1',
  role: 'assessee'
}
Checking assigned assessments for user: s@gmail.com rt7aia
All assessments: [ { id: 'assessment_1', title: 'Hi test' } ]
Assessment assessment_1 invitedStudents: []
Checking if user s@gmail.com (rt7aia) is invited to assessment assessment_1
Found matching notification: {
  id: '1744658102534ogyhrop',
  userId: 'rt7aia',
  type: 'invitation',
  title: 'New Assessment Invitation',
  message: 'You have been invited to take a sample assessment',
  assessmentId: 'assessment_1',
  createdAt: '2025-04-14T19:15:02.534Z',
  read: true
}
User s@gmail.com is invited to assessment assessment_1 through notification
Assigned assessments count: 1
GET /api/assessments/assigned - Auth Header: Bearer test-token Email: s@gmail.com
User found/created: {
  id: 'rt7aia',
  name: 's',
  email: 's@gmail.com',
  password: '1',
  role: 'assessee'
}
Checking assigned assessments for user: s@gmail.com rt7aia
All assessments: [ { id: 'assessment_1', title: 'Hi test' } ]
Assessment assessment_1 invitedStudents: []
Checking if user s@gmail.com (rt7aia) is invited to assessment assessment_1
Found matching notification: {
  id: '1744658102534ogyhrop',
  userId: 'rt7aia',
  type: 'invitation',
  title: 'New Assessment Invitation',
  message: 'You have been invited to take a sample assessment',
  assessmentId: 'assessment_1',
  createdAt: '2025-04-14T19:15:02.534Z',
  read: true
}
User s@gmail.com is invited to assessment assessment_1 through notification
Assigned assessments count: 1
GET /api/assessments/:id - Invitation params: { invitationToken: undefined, invitedEmail: undefined }
GET /api/assessments/:id - Auth Header: Bearer test-token Email: s@gmail.com Assessment ID: assessment_1
Looking for assessment with ID: assessment_1
Available assessments: [ 'assessment_1' ]
Assessment found: {
  id: 'assessment_1',
  title: 'Hi test',
  description: '',
  tests: [
    '1744658053310',
    '1744658059937',
    '1744658068936',
    '1744658074810',
    '1744658064246'
  ],
  startTime: '2025-04-14T19:14',
  endTime: '2025-04-21T19:14',
  maxAttempts: '3',
  isPublic: true,
  invitedStudents: [],
  createdBy: '79gz5a',
  createdAt: '2025-04-14T19:14:54.435Z',
  updatedAt: '2025-04-14T19:14:54.435Z',
  attemptsUsed: 0
}
User found: {
  id: 'rt7aia',
  name: 's',
  email: 's@gmail.com',
  password: '1',
  role: 'assessee'
}
Creator check: { assessmentCreatedBy: '79gz5a', userId: 'rt7aia', isCreator: false }
Invitation check for user s@gmail.com assessment assessment_1 : {
  isInvitedById: false,
  isInvitedByEmail: false,
  hasInvitationNotification: true,
  hasValidToken: false,
  isInvited: true
}
Permission check: {
  isCreator: false,
  isPublic: true,
  isInvited: true,
  isInvitedById: false,
  isInvitedByEmail: false,
  hasValidToken: false
}
Looking up tests: [
  '1744658053310',
  '1744658059937',
  '1744658068936',
  '1744658074810',
  '1744658064246'
]
Found test: 1744658053310 Two Sum
Found test: 1744658059937 Reverse Linked List
Found test: 1744658068936 Valid Parentheses
Found test: 1744658074810 Maximum Subarray
Found test: 1744658064246 Merge K Sorted Lists
Test details count: 5
GET /api/assessments/:id - Invitation params: { invitationToken: undefined, invitedEmail: undefined }
GET /api/assessments/:id - Auth Header: Bearer test-token Email: s@gmail.com Assessment ID: assessment_1
Looking for assessment with ID: assessment_1
Available assessments: [ 'assessment_1' ]
Assessment found: {
  id: 'assessment_1',
  title: 'Hi test',
  description: '',
  tests: [
    '1744658053310',
    '1744658059937',
    '1744658068936',
    '1744658074810',
    '1744658064246'
  ],
  startTime: '2025-04-14T19:14',
  endTime: '2025-04-21T19:14',
  maxAttempts: '3',
  isPublic: true,
  invitedStudents: [],
  createdBy: '79gz5a',
  createdAt: '2025-04-14T19:14:54.435Z',
  updatedAt: '2025-04-14T19:14:54.435Z',
  attemptsUsed: 0
}
User found: {
  id: 'rt7aia',
  name: 's',
  email: 's@gmail.com',
  password: '1',
  role: 'assessee'
}
Creator check: { assessmentCreatedBy: '79gz5a', userId: 'rt7aia', isCreator: false }
Invitation check for user s@gmail.com assessment assessment_1 : {
  isInvitedById: false,
  isInvitedByEmail: false,
  hasInvitationNotification: true,
  hasValidToken: false,
  isInvited: true
}
Permission check: {
  isCreator: false,
  isPublic: true,
  isInvited: true,
  isInvitedById: false,
  isInvitedByEmail: false,
  hasValidToken: false
}
Looking up tests: [
  '1744658053310',
  '1744658059937',
  '1744658068936',
  '1744658074810',
  '1744658064246'
]
Found test: 1744658053310 Two Sum
Found test: 1744658059937 Reverse Linked List
Found test: 1744658068936 Valid Parentheses
Found test: 1744658074810 Maximum Subarray
Found test: 1744658064246 Merge K Sorted Lists
Test details count: 5
GET /api/tests/:id - Auth Header: Bearer test-token Email: s@gmail.com Test ID: 1744658059937
Found user for test access check: rt7aia s@gmail.com
Looking for test with ID: 1744658059937
Available tests: [
  { id: undefined, _id: '1744658053310', title: 'Two Sum' },
  { id: undefined, _id: '1744658059937', title: 'Reverse Linked List' },
  {
    id: undefined,
    _id: '1744658064246',
    title: 'Merge K Sorted Lists'
  },
  { id: undefined, _id: '1744658068936', title: 'Valid Parentheses' },
  { id: undefined, _id: '1744658074810', title: 'Maximum Subarray' }
]
Test found: { id: undefined, _id: '1744658059937', title: 'Reverse Linked List' }
Specific assessment ID from query: assessment_1
Filtering to check only assessment assessment_1
Is test 1744658059937 part of assessment assessment_1? true
Checking assessment assessment_1 for test 1744658059937
Assessment assessment_1 contains test 1744658059937
Assessment assessment_1 is public
Permission check for test access: {
  testId: '1744658059937',
  userId: 'rt7aia',
  userEmail: 's@gmail.com',
  isCreator: false,
  isPublic: undefined,
  isInvited: true
}
Access granted to test 1744658059937 for user s@gmail.com
GET /api/tests/:id - Auth Header: Bearer test-token Email: s@gmail.com Test ID: 1744658059937
Found user for test access check: rt7aia s@gmail.com
Looking for test with ID: 1744658059937
Available tests: [
  { id: undefined, _id: '1744658053310', title: 'Two Sum' },
  { id: undefined, _id: '1744658059937', title: 'Reverse Linked List' },
  {
    id: undefined,
    _id: '1744658064246',
    title: 'Merge K Sorted Lists'
  },
  { id: undefined, _id: '1744658068936', title: 'Valid Parentheses' },
  { id: undefined, _id: '1744658074810', title: 'Maximum Subarray' }
]
Test found: { id: undefined, _id: '1744658059937', title: 'Reverse Linked List' }
Specific assessment ID from query: assessment_1
Filtering to check only assessment assessment_1
Is test 1744658059937 part of assessment assessment_1? true
Checking assessment assessment_1 for test 1744658059937
Assessment assessment_1 contains test 1744658059937
Assessment assessment_1 is public
Permission check for test access: {
  testId: '1744658059937',
  userId: 'rt7aia',
  userEmail: 's@gmail.com',
  isCreator: false,
  isPublic: undefined,
  isInvited: true
}
Access granted to test 1744658059937 for user s@gmail.com
Execute code request: { language: 'python', assessmentId: 'assessment_1' }
Code to execute: def solution(nums, target):
    print("hoi")

    return "Hello?"
# Read input
nums = eval(input().strip())
target = int(input().strip())

# Call function and print result
print(solution(nums, target))
Input: [1,2,3,4,5]
Executing code in Docker container...
Starting Python execution with ID: 83719c3c-984f-4405-b6a8-b3f197dfeca2
Code length: 201 characters
Input length: 11 characters
Docker is running
Executing Python code with Docker command: cat /tmp/run_83719c3c-984f-4405-b6a8-b3f197dfeca2.sh | docker run --rm --network none --memory=512m --cpus=1       --name code_exec_83719c3c-984f-4405-b6a8-b3f197dfeca2       -i python:3.9-slim       bash
Error executing Python code: {
  error: Error: Command failed: cat /tmp/run_83719c3c-984f-4405-b6a8-b3f197dfeca2.sh | docker run --rm --network none --memory=512m --cpus=1       --name code_exec_83719c3c-984f-4405-b6a8-b3f197dfeca2       -i python:3.9-slim       bash
  
      at genericNodeError (node:internal/errors:983:15)
      at wrappedFn (node:internal/errors:537:14)
      at ChildProcess.exithandler (node:child_process:414:12)
      at ChildProcess.emit (node:events:518:28)
      at maybeClose (node:internal/child_process:1101:16)
      at ChildProcess._handle.onexit (node:internal/child_process:304:5) {
    code: 1,
    killed: false,
    signal: null,
    cmd: 'cat /tmp/run_83719c3c-984f-4405-b6a8-b3f197dfeca2.sh | docker run --rm --network none --memory=512m --cpus=1       --name code_exec_83719c3c-984f-4405-b6a8-b3f197dfeca2       -i python:3.9-slim       bash'
  },
  stderr: ''
}
Execution result: {
  output: '',
  error: 'Execution error',
  executionTime: 0,
  memoryUsed: 0
}
Execute code request: { language: 'python', assessmentId: 'assessment_1' }
Code to execute: def solution(nums, target):
    print("hoi")

    return "Hello?"
# Read input
nums = eval(input().strip())
target = int(input().strip())

# Call function and print result
print(solution(nums, target))
Input: [1,2,3,4,5]
Executing code in Docker container...
Starting Python execution with ID: 61ed64e1-0f8d-4ca6-9362-1c1f97d214f9
Code length: 201 characters
Input length: 11 characters
Docker is running
Executing Python code with Docker command: cat /tmp/run_61ed64e1-0f8d-4ca6-9362-1c1f97d214f9.sh | docker run --rm --network none --memory=512m --cpus=1       --name code_exec_61ed64e1-0f8d-4ca6-9362-1c1f97d214f9       -i python:3.9-slim       bash
Error executing Python code: {
  error: Error: Command failed: cat /tmp/run_61ed64e1-0f8d-4ca6-9362-1c1f97d214f9.sh | docker run --rm --network none --memory=512m --cpus=1       --name code_exec_61ed64e1-0f8d-4ca6-9362-1c1f97d214f9       -i python:3.9-slim       bash
  
      at genericNodeError (node:internal/errors:983:15)
      at wrappedFn (node:internal/errors:537:14)
      at ChildProcess.exithandler (node:child_process:414:12)
      at ChildProcess.emit (node:events:518:28)
      at maybeClose (node:internal/child_process:1101:16)
      at ChildProcess._handle.onexit (node:internal/child_process:304:5) {
    code: 1,
    killed: false,
    signal: null,
    cmd: 'cat /tmp/run_61ed64e1-0f8d-4ca6-9362-1c1f97d214f9.sh | docker run --rm --network none --memory=512m --cpus=1       --name code_exec_61ed64e1-0f8d-4ca6-9362-1c1f97d214f9       -i python:3.9-slim       bash'
  },
  stderr: ''
}
Execution result: {
  output: '',
  error: 'Execution error',
  executionTime: 0,
  memoryUsed: 0
}
GET /api/assessments/:id - Invitation params: { invitationToken: undefined, invitedEmail: undefined }
GET /api/assessments/:id - Auth Header: Bearer test-token Email: s@gmail.com Assessment ID: assessment_1
Looking for assessment with ID: assessment_1
Available assessments: [ 'assessment_1' ]
Assessment found: {
  id: 'assessment_1',
  title: 'Hi test',
  description: '',
  tests: [
    '1744658053310',
    '1744658059937',
    '1744658068936',
    '1744658074810',
    '1744658064246'
  ],
  startTime: '2025-04-14T19:14',
  endTime: '2025-04-21T19:14',
  maxAttempts: '3',
  isPublic: true,
  invitedStudents: [],
  createdBy: '79gz5a',
  createdAt: '2025-04-14T19:14:54.435Z',
  updatedAt: '2025-04-14T19:14:54.435Z',
  attemptsUsed: 0
}
User found: {
  id: 'rt7aia',
  name: 's',
  email: 's@gmail.com',
  password: '1',
  role: 'assessee'
}
Creator check: { assessmentCreatedBy: '79gz5a', userId: 'rt7aia', isCreator: false }
Invitation check for user s@gmail.com assessment assessment_1 : {
  isInvitedById: false,
  isInvitedByEmail: false,
  hasInvitationNotification: true,
  hasValidToken: false,
  isInvited: true
}
Permission check: {
  isCreator: false,
  isPublic: true,
  isInvited: true,
  isInvitedById: false,
  isInvitedByEmail: false,
  hasValidToken: false
}
Looking up tests: [
  '1744658053310',
  '1744658059937',
  '1744658068936',
  '1744658074810',
  '1744658064246'
]
Found test: 1744658053310 Two Sum
Found test: 1744658059937 Reverse Linked List
Found test: 1744658068936 Valid Parentheses
Found test: 1744658074810 Maximum Subarray
Found test: 1744658064246 Merge K Sorted Lists
Test details count: 5
GET /api/assessments/:id - Invitation params: { invitationToken: undefined, invitedEmail: undefined }
GET /api/assessments/:id - Auth Header: Bearer test-token Email: s@gmail.com Assessment ID: assessment_1
Looking for assessment with ID: assessment_1
Available assessments: [ 'assessment_1' ]
Assessment found: {
  id: 'assessment_1',
  title: 'Hi test',
  description: '',
  tests: [
    '1744658053310',
    '1744658059937',
    '1744658068936',
    '1744658074810',
    '1744658064246'
  ],
  startTime: '2025-04-14T19:14',
  endTime: '2025-04-21T19:14',
  maxAttempts: '3',
  isPublic: true,
  invitedStudents: [],
  createdBy: '79gz5a',
  createdAt: '2025-04-14T19:14:54.435Z',
  updatedAt: '2025-04-14T19:14:54.435Z',
  attemptsUsed: 0
}
User found: {
  id: 'rt7aia',
  name: 's',
  email: 's@gmail.com',
  password: '1',
  role: 'assessee'
}
Creator check: { assessmentCreatedBy: '79gz5a', userId: 'rt7aia', isCreator: false }
Invitation check for user s@gmail.com assessment assessment_1 : {
  isInvitedById: false,
  isInvitedByEmail: false,
  hasInvitationNotification: true,
  hasValidToken: false,
  isInvited: true
}
Permission check: {
  isCreator: false,
  isPublic: true,
  isInvited: true,
  isInvitedById: false,
  isInvitedByEmail: false,
  hasValidToken: false
}
Looking up tests: [
  '1744658053310',
  '1744658059937',
  '1744658068936',
  '1744658074810',
  '1744658064246'
]
Found test: 1744658053310 Two Sum
Found test: 1744658059937 Reverse Linked List
Found test: 1744658068936 Valid Parentheses
Found test: 1744658074810 Maximum Subarray
Found test: 1744658064246 Merge K Sorted Lists
Test details count: 5
GET /api/tests/:id - Auth Header: Bearer test-token Email: s@gmail.com Test ID: 1744658068936
Found user for test access check: rt7aia s@gmail.com
Looking for test with ID: 1744658068936
Available tests: [
  { id: undefined, _id: '1744658053310', title: 'Two Sum' },
  { id: undefined, _id: '1744658059937', title: 'Reverse Linked List' },
  {
    id: undefined,
    _id: '1744658064246',
    title: 'Merge K Sorted Lists'
  },
  { id: undefined, _id: '1744658068936', title: 'Valid Parentheses' },
  { id: undefined, _id: '1744658074810', title: 'Maximum Subarray' }
]
Test found: { id: undefined, _id: '1744658068936', title: 'Valid Parentheses' }
Specific assessment ID from query: assessment_1
Filtering to check only assessment assessment_1
Is test 1744658068936 part of assessment assessment_1? true
Checking assessment assessment_1 for test 1744658068936
Assessment assessment_1 contains test 1744658068936
Assessment assessment_1 is public
Permission check for test access: {
  testId: '1744658068936',
  userId: 'rt7aia',
  userEmail: 's@gmail.com',
  isCreator: false,
  isPublic: undefined,
  isInvited: true
}
Access granted to test 1744658068936 for user s@gmail.com
GET /api/tests/:id - Auth Header: Bearer test-token Email: s@gmail.com Test ID: 1744658068936
Found user for test access check: rt7aia s@gmail.com
Looking for test with ID: 1744658068936
Available tests: [
  { id: undefined, _id: '1744658053310', title: 'Two Sum' },
  { id: undefined, _id: '1744658059937', title: 'Reverse Linked List' },
  {
    id: undefined,
    _id: '1744658064246',
    title: 'Merge K Sorted Lists'
  },
  { id: undefined, _id: '1744658068936', title: 'Valid Parentheses' },
  { id: undefined, _id: '1744658074810', title: 'Maximum Subarray' }
]
Test found: { id: undefined, _id: '1744658068936', title: 'Valid Parentheses' }
Specific assessment ID from query: assessment_1
Filtering to check only assessment assessment_1
Is test 1744658068936 part of assessment assessment_1? true
Checking assessment assessment_1 for test 1744658068936
Assessment assessment_1 contains test 1744658068936
Assessment assessment_1 is public
Permission check for test access: {
  testId: '1744658068936',
  userId: 'rt7aia',
  userEmail: 's@gmail.com',
  isCreator: false,
  isPublic: undefined,
  isInvited: true
}
Access granted to test 1744658068936 for user s@gmail.com
GET /api/assessments/:id - Invitation params: { invitationToken: undefined, invitedEmail: undefined }
GET /api/assessments/:id - Auth Header: Bearer test-token Email: s@gmail.com Assessment ID: assessment_1
Looking for assessment with ID: assessment_1
Available assessments: [ 'assessment_1' ]
Assessment found: {
  id: 'assessment_1',
  title: 'Hi test',
  description: '',
  tests: [
    '1744658053310',
    '1744658059937',
    '1744658068936',
    '1744658074810',
    '1744658064246'
  ],
  startTime: '2025-04-14T19:14',
  endTime: '2025-04-21T19:14',
  maxAttempts: '3',
  isPublic: true,
  invitedStudents: [],
  createdBy: '79gz5a',
  createdAt: '2025-04-14T19:14:54.435Z',
  updatedAt: '2025-04-14T19:14:54.435Z',
  attemptsUsed: 0
}
User found: {
  id: 'rt7aia',
  name: 's',
  email: 's@gmail.com',
  password: '1',
  role: 'assessee'
}
Creator check: { assessmentCreatedBy: '79gz5a', userId: 'rt7aia', isCreator: false }
Invitation check for user s@gmail.com assessment assessment_1 : {
  isInvitedById: false,
  isInvitedByEmail: false,
  hasInvitationNotification: true,
  hasValidToken: false,
  isInvited: true
}
Permission check: {
  isCreator: false,
  isPublic: true,
  isInvited: true,
  isInvitedById: false,
  isInvitedByEmail: false,
  hasValidToken: false
}
Looking up tests: [
  '1744658053310',
  '1744658059937',
  '1744658068936',
  '1744658074810',
  '1744658064246'
]
Found test: 1744658053310 Two Sum
Found test: 1744658059937 Reverse Linked List
Found test: 1744658068936 Valid Parentheses
Found test: 1744658074810 Maximum Subarray
Found test: 1744658064246 Merge K Sorted Lists
Test details count: 5
GET /api/assessments/:id - Invitation params: { invitationToken: undefined, invitedEmail: undefined }
GET /api/assessments/:id - Auth Header: Bearer test-token Email: s@gmail.com Assessment ID: assessment_1
Looking for assessment with ID: assessment_1
Available assessments: [ 'assessment_1' ]
Assessment found: {
  id: 'assessment_1',
  title: 'Hi test',
  description: '',
  tests: [
    '1744658053310',
    '1744658059937',
    '1744658068936',
    '1744658074810',
    '1744658064246'
  ],
  startTime: '2025-04-14T19:14',
  endTime: '2025-04-21T19:14',
  maxAttempts: '3',
  isPublic: true,
  invitedStudents: [],
  createdBy: '79gz5a',
  createdAt: '2025-04-14T19:14:54.435Z',
  updatedAt: '2025-04-14T19:14:54.435Z',
  attemptsUsed: 0
}
User found: {
  id: 'rt7aia',
  name: 's',
  email: 's@gmail.com',
  password: '1',
  role: 'assessee'
}
Creator check: { assessmentCreatedBy: '79gz5a', userId: 'rt7aia', isCreator: false }
Invitation check for user s@gmail.com assessment assessment_1 : {
  isInvitedById: false,
  isInvitedByEmail: false,
  hasInvitationNotification: true,
  hasValidToken: false,
  isInvited: true
}
Permission check: {
  isCreator: false,
  isPublic: true,
  isInvited: true,
  isInvitedById: false,
  isInvitedByEmail: false,
  hasValidToken: false
}
Looking up tests: [
  '1744658053310',
  '1744658059937',
  '1744658068936',
  '1744658074810',
  '1744658064246'
]
Found test: 1744658053310 Two Sum
Found test: 1744658059937 Reverse Linked List
Found test: 1744658068936 Valid Parentheses
Found test: 1744658074810 Maximum Subarray
Found test: 1744658064246 Merge K Sorted Lists
Test details count: 5
GET /api/tests/:id - Auth Header: Bearer test-token Email: s@gmail.com Test ID: 1744658074810
Found user for test access check: rt7aia s@gmail.com
Looking for test with ID: 1744658074810
Available tests: [
  { id: undefined, _id: '1744658053310', title: 'Two Sum' },
  { id: undefined, _id: '1744658059937', title: 'Reverse Linked List' },
  {
    id: undefined,
    _id: '1744658064246',
    title: 'Merge K Sorted Lists'
  },
  { id: undefined, _id: '1744658068936', title: 'Valid Parentheses' },
  { id: undefined, _id: '1744658074810', title: 'Maximum Subarray' }
]
Test found: { id: undefined, _id: '1744658074810', title: 'Maximum Subarray' }
Specific assessment ID from query: assessment_1
Filtering to check only assessment assessment_1
Is test 1744658074810 part of assessment assessment_1? true
Checking assessment assessment_1 for test 1744658074810
Assessment assessment_1 contains test 1744658074810
Assessment assessment_1 is public
Permission check for test access: {
  testId: '1744658074810',
  userId: 'rt7aia',
  userEmail: 's@gmail.com',
  isCreator: false,
  isPublic: undefined,
  isInvited: true
}
Access granted to test 1744658074810 for user s@gmail.com
GET /api/tests/:id - Auth Header: Bearer test-token Email: s@gmail.com Test ID: 1744658074810
Found user for test access check: rt7aia s@gmail.com
Looking for test with ID: 1744658074810
Available tests: [
  { id: undefined, _id: '1744658053310', title: 'Two Sum' },
  { id: undefined, _id: '1744658059937', title: 'Reverse Linked List' },
  {
    id: undefined,
    _id: '1744658064246',
    title: 'Merge K Sorted Lists'
  },
  { id: undefined, _id: '1744658068936', title: 'Valid Parentheses' },
  { id: undefined, _id: '1744658074810', title: 'Maximum Subarray' }
]
Test found: { id: undefined, _id: '1744658074810', title: 'Maximum Subarray' }
Specific assessment ID from query: assessment_1
Filtering to check only assessment assessment_1
Is test 1744658074810 part of assessment assessment_1? true
Checking assessment assessment_1 for test 1744658074810
Assessment assessment_1 contains test 1744658074810
Assessment assessment_1 is public
Permission check for test access: {
  testId: '1744658074810',
  userId: 'rt7aia',
  userEmail: 's@gmail.com',
  isCreator: false,
  isPublic: undefined,
  isInvited: true
}
Access granted to test 1744658074810 for user s@gmail.com
GET /api/assessments/:id - Invitation params: { invitationToken: undefined, invitedEmail: undefined }
GET /api/assessments/:id - Auth Header: Bearer test-token Email: s@gmail.com Assessment ID: assessment_1
Looking for assessment with ID: assessment_1
Available assessments: [ 'assessment_1' ]
Assessment found: {
  id: 'assessment_1',
  title: 'Hi test',
  description: '',
  tests: [
    '1744658053310',
    '1744658059937',
    '1744658068936',
    '1744658074810',
    '1744658064246'
  ],
  startTime: '2025-04-14T19:14',
  endTime: '2025-04-21T19:14',
  maxAttempts: '3',
  isPublic: true,
  invitedStudents: [],
  createdBy: '79gz5a',
  createdAt: '2025-04-14T19:14:54.435Z',
  updatedAt: '2025-04-14T19:14:54.435Z',
  attemptsUsed: 0
}
User found: {
  id: 'rt7aia',
  name: 's',
  email: 's@gmail.com',
  password: '1',
  role: 'assessee'
}
Creator check: { assessmentCreatedBy: '79gz5a', userId: 'rt7aia', isCreator: false }
Invitation check for user s@gmail.com assessment assessment_1 : {
  isInvitedById: false,
  isInvitedByEmail: false,
  hasInvitationNotification: true,
  hasValidToken: false,
  isInvited: true
}
Permission check: {
  isCreator: false,
  isPublic: true,
  isInvited: true,
  isInvitedById: false,
  isInvitedByEmail: false,
  hasValidToken: false
}
Looking up tests: [
  '1744658053310',
  '1744658059937',
  '1744658068936',
  '1744658074810',
  '1744658064246'
]
Found test: 1744658053310 Two Sum
Found test: 1744658059937 Reverse Linked List
Found test: 1744658068936 Valid Parentheses
Found test: 1744658074810 Maximum Subarray
Found test: 1744658064246 Merge K Sorted Lists
Test details count: 5
GET /api/assessments/:id - Invitation params: { invitationToken: undefined, invitedEmail: undefined }
GET /api/assessments/:id - Auth Header: Bearer test-token Email: s@gmail.com Assessment ID: assessment_1
Looking for assessment with ID: assessment_1
Available assessments: [ 'assessment_1' ]
Assessment found: {
  id: 'assessment_1',
  title: 'Hi test',
  description: '',
  tests: [
    '1744658053310',
    '1744658059937',
    '1744658068936',
    '1744658074810',
    '1744658064246'
  ],
  startTime: '2025-04-14T19:14',
  endTime: '2025-04-21T19:14',
  maxAttempts: '3',
  isPublic: true,
  invitedStudents: [],
  createdBy: '79gz5a',
  createdAt: '2025-04-14T19:14:54.435Z',
  updatedAt: '2025-04-14T19:14:54.435Z',
  attemptsUsed: 0
}
User found: {
  id: 'rt7aia',
  name: 's',
  email: 's@gmail.com',
  password: '1',
  role: 'assessee'
}
Creator check: { assessmentCreatedBy: '79gz5a', userId: 'rt7aia', isCreator: false }
Invitation check for user s@gmail.com assessment assessment_1 : {
  isInvitedById: false,
  isInvitedByEmail: false,
  hasInvitationNotification: true,
  hasValidToken: false,
  isInvited: true
}
Permission check: {
  isCreator: false,
  isPublic: true,
  isInvited: true,
  isInvitedById: false,
  isInvitedByEmail: false,
  hasValidToken: false
}
Looking up tests: [
  '1744658053310',
  '1744658059937',
  '1744658068936',
  '1744658074810',
  '1744658064246'
]
Found test: 1744658053310 Two Sum
Found test: 1744658059937 Reverse Linked List
Found test: 1744658068936 Valid Parentheses
Found test: 1744658074810 Maximum Subarray
Found test: 1744658064246 Merge K Sorted Lists
Test details count: 5
GET /api/tests/:id - Auth Header: Bearer test-token Email: s@gmail.com Test ID: 1744658064246
Found user for test access check: rt7aia s@gmail.com
Looking for test with ID: 1744658064246
Available tests: [
  { id: undefined, _id: '1744658053310', title: 'Two Sum' },
  { id: undefined, _id: '1744658059937', title: 'Reverse Linked List' },
  {
    id: undefined,
    _id: '1744658064246',
    title: 'Merge K Sorted Lists'
  },
  { id: undefined, _id: '1744658068936', title: 'Valid Parentheses' },
  { id: undefined, _id: '1744658074810', title: 'Maximum Subarray' }
]
Test found: { id: undefined, _id: '1744658064246', title: 'Merge K Sorted Lists' }
Specific assessment ID from query: assessment_1
Filtering to check only assessment assessment_1
Is test 1744658064246 part of assessment assessment_1? true
Checking assessment assessment_1 for test 1744658064246
Assessment assessment_1 contains test 1744658064246
Assessment assessment_1 is public
Permission check for test access: {
  testId: '1744658064246',
  userId: 'rt7aia',
  userEmail: 's@gmail.com',
  isCreator: false,
  isPublic: undefined,
  isInvited: true
}
Access granted to test 1744658064246 for user s@gmail.com
GET /api/tests/:id - Auth Header: Bearer test-token Email: s@gmail.com Test ID: 1744658064246
Found user for test access check: rt7aia s@gmail.com
Looking for test with ID: 1744658064246
Available tests: [
  { id: undefined, _id: '1744658053310', title: 'Two Sum' },
  { id: undefined, _id: '1744658059937', title: 'Reverse Linked List' },
  {
    id: undefined,
    _id: '1744658064246',
    title: 'Merge K Sorted Lists'
  },
  { id: undefined, _id: '1744658068936', title: 'Valid Parentheses' },
  { id: undefined, _id: '1744658074810', title: 'Maximum Subarray' }
]
Test found: { id: undefined, _id: '1744658064246', title: 'Merge K Sorted Lists' }
Specific assessment ID from query: assessment_1
Filtering to check only assessment assessment_1
Is test 1744658064246 part of assessment assessment_1? true
Checking assessment assessment_1 for test 1744658064246
Assessment assessment_1 contains test 1744658064246
Assessment assessment_1 is public
Permission check for test access: {
  testId: '1744658064246',
  userId: 'rt7aia',
  userEmail: 's@gmail.com',
  isCreator: false,
  isPublic: undefined,
  isInvited: true
}
Access granted to test 1744658064246 for user s@gmail.com
