2025-04-16T11:42:00.850Z - GET /api/test
2025-04-16T11:45:07.115Z - GET /api/test
2025-04-16T11:46:00.389Z - GET /api/auth/me?email=1
2025-04-16T11:46:00.402Z - GET /api/auth/me?email=1
2025-04-16T11:46:00.468Z - GET /api/assessments/67ff7c71f99127555644727a?email=1
2025-04-16T11:46:00.485Z - GET /api/assessments/67ff7c71f99127555644727a?email=1
2025-04-16T11:46:00.488Z - GET /api/test-submissions/67ff7c71f99127555644727a
2025-04-16T11:46:00.505Z - GET /api/test-submissions/67ff7c71f99127555644727a
2025-04-16T11:46:24.258Z - POST /api/auth/login
2025-04-16T11:46:24.379Z - GET /api/tests/my-tests?email=1
2025-04-16T11:46:24.384Z - GET /api/tests/my-tests?email=1
2025-04-16T11:46:25.407Z - GET /api/assessments/my-assessments?email=1
2025-04-16T11:46:25.419Z - GET /api/assessments/my-assessments?email=1
2025-04-16T11:46:26.041Z - GET /api/assessments/67ff7c71f99127555644727a?email=1
2025-04-16T11:46:26.054Z - GET /api/assessments/67ff7c71f99127555644727a?email=1
2025-04-16T11:46:26.058Z - GET /api/test-submissions/67ff7c71f99127555644727a
2025-04-16T11:46:26.081Z - GET /api/test-submissions/67ff7c71f99127555644727a
2025-04-16T11:46:30.967Z - GET /api/assessments/submissions/67ff7d5ef991275556447860?email=1
2025-04-16T11:46:30.971Z - GET /api/assessments/submissions/67ff7d5ef991275556447860?email=1
2025-04-16T11:46:32.895Z - GET /api/assessments/67ff7c71f99127555644727a?email=1
2025-04-16T11:46:32.910Z - GET /api/assessments/67ff7c71f99127555644727a?email=1
2025-04-16T11:46:32.913Z - GET /api/test-submissions/67ff7c71f99127555644727a
2025-04-16T11:46:32.933Z - GET /api/test-submissions/67ff7c71f99127555644727a
2025-04-16T11:46:36.446Z - GET /api/assessments/submissions/67ff7d00f991275556447575?email=1
2025-04-16T11:46:36.449Z - GET /api/assessments/submissions/67ff7d00f991275556447575?email=1
2025-04-16T11:46:38.338Z - GET /api/assessments/67ff7c71f99127555644727a?email=1
2025-04-16T11:46:38.351Z - GET /api/assessments/67ff7c71f99127555644727a?email=1
2025-04-16T11:46:38.354Z - GET /api/test-submissions/67ff7c71f99127555644727a
2025-04-16T11:46:38.375Z - GET /api/test-submissions/67ff7c71f99127555644727a
2025-04-16T11:46:40.597Z - GET /api/auth/me?email=1
2025-04-16T11:46:40.603Z - GET /api/auth/me?email=1
2025-04-16T11:46:40.625Z - GET /api/assessments/67ff7c71f99127555644727a?email=1
2025-04-16T11:46:40.637Z - GET /api/assessments/67ff7c71f99127555644727a?email=1
2025-04-16T11:46:40.642Z - GET /api/test-submissions/67ff7c71f99127555644727a
2025-04-16T11:46:40.664Z - GET /api/test-submissions/67ff7c71f99127555644727a
2025-04-16T11:46:46.182Z - GET /api/assessments/my-assessments?email=1
2025-04-16T11:46:46.196Z - GET /api/assessments/my-assessments?email=1
2025-04-16T11:46:47.629Z - POST /api/auth/logout
2025-04-16T11:46:51.893Z - POST /api/auth/register
2025-04-16T11:46:51.994Z - GET /api/auth/me?email=10
2025-04-16T11:46:51.996Z - GET /api/assessments/assigned?email=10
2025-04-16T11:46:52.003Z - GET /api/auth/me?email=10
2025-04-16T11:46:52.010Z - GET /api/assessments/assigned?email=10
2025-04-16T11:46:53.273Z - GET /api/assessments/67ff7c71f99127555644727a?email=10
2025-04-16T11:46:53.285Z - GET /api/assessments/67ff7c71f99127555644727a?email=10
2025-04-16T11:46:53.306Z - GET /api/assessments/67ff7c71f99127555644727a/tests/67ff22878228ee23f6a72df6/attempts?email=10
2025-04-16T11:46:53.321Z - GET /api/assessments/67ff7c71f99127555644727a/tests/67ff22878228ee23f6a72df6/attempts?email=10
2025-04-16T11:46:53.323Z - GET /api/assessments/67ff7c71f99127555644727a/tests/67ff22878228ee23f6a72e08/attempts?email=10
2025-04-16T11:46:53.330Z - GET /api/assessments/67ff7c71f99127555644727a/tests/67ff22878228ee23f6a72e08/attempts?email=10
2025-04-16T11:46:53.332Z - GET /api/assessments/67ff7c71f99127555644727a/tests/67ff22878228ee23f6a72dfc/attempts?email=10
2025-04-16T11:46:53.338Z - GET /api/assessments/67ff7c71f99127555644727a/tests/67ff22878228ee23f6a72dfc/attempts?email=10
2025-04-16T11:46:53.341Z - GET /api/assessments/67ff7c71f99127555644727a/tests/67ff22878228ee23f6a72e02/attempts?email=10
2025-04-16T11:46:53.346Z - GET /api/assessments/67ff7c71f99127555644727a/tests/67ff22878228ee23f6a72e02/attempts?email=10
2025-04-16T11:46:56.471Z - GET /api/assessments/67ff7c71f99127555644727a/tests/67ff22878228ee23f6a72e08/attempts?email=10
2025-04-16T11:46:56.472Z - GET /api/tests/67ff22878228ee23f6a72e08?assessmentId=67ff7c71f99127555644727a&email=10
2025-04-16T11:46:56.479Z - GET /api/assessments/67ff7c71f99127555644727a/tests/67ff22878228ee23f6a72e08/attempts?email=10
2025-04-16T11:46:56.480Z - GET /api/tests/67ff22878228ee23f6a72e08?assessmentId=67ff7c71f99127555644727a&email=10
2025-04-16T11:46:58.040Z - GET /api/tests/67ff22878228ee23f6a72e08?assessmentId=67ff7c71f99127555644727a&email=10
2025-04-16T11:47:14.580Z - POST /api/code/tests/67ff22878228ee23f6a72e08/run?email=10
2025-04-16T11:47:18.555Z - GET /api/assessments/67ff7c71f99127555644727a/tests/67ff22878228ee23f6a72e08/attempts?email=10
2025-04-16T11:47:18.565Z - POST /api/tests/67ff22878228ee23f6a72e08/submissions?email=10
2025-04-16T11:47:23.201Z - GET /api/assessments/67ff7c71f99127555644727a/tests/67ff22878228ee23f6a72e08/attempts?email=10
2025-04-16T11:47:26.473Z - GET /api/assessments/67ff7c71f99127555644727a/tests/67ff22878228ee23f6a72e08/attempts?email=10
2025-04-16T11:47:39.980Z - GET /api/assessments/67ff7c71f99127555644727a?email=10
2025-04-16T11:47:39.993Z - GET /api/assessments/67ff7c71f99127555644727a?email=10
2025-04-16T11:47:56.174Z - POST /api/auth/login
2025-04-16T11:47:56.283Z - GET /api/tests/my-tests?email=1
2025-04-16T11:47:56.287Z - GET /api/tests/my-tests?email=1
2025-04-16T11:47:57.305Z - GET /api/assessments/my-assessments?email=1
2025-04-16T11:47:57.313Z - GET /api/assessments/my-assessments?email=1
2025-04-16T11:47:58.212Z - GET /api/assessments/67ff7c71f99127555644727a?email=1
2025-04-16T11:47:58.219Z - GET /api/assessments/67ff7c71f99127555644727a?email=1
2025-04-16T11:47:58.223Z - GET /api/assessments/67ff7c71f99127555644727a/submissions?email=1
2025-04-16T11:47:58.249Z - GET /api/assessments/67ff7c71f99127555644727a/submissions?email=1
2025-04-16T11:47:59.779Z - GET /api/assessments/submissions/67ff7d00f991275556447575?email=1
2025-04-16T11:47:59.782Z - GET /api/assessments/submissions/67ff7d00f991275556447575?email=1
2025-04-16T11:48:01.183Z - GET /api/auth/me?email=1
2025-04-16T11:48:01.188Z - GET /api/auth/me?email=1
2025-04-16T11:48:01.230Z - GET /api/assessments/submissions/67ff7d00f991275556447575?email=1
2025-04-16T11:48:01.233Z - GET /api/assessments/submissions/67ff7d00f991275556447575?email=1
